<?xml version="1.0" encoding="UTF-8"?>
<!-- Generated by org.testng.reporters.JUnitReportReporter -->
<testsuite skipped="0" hostname="kt667348-dev1" name="com.users.User.CreateUserTests" tests="4" failures="0" timestamp="16 Nov 2019 11:19:42 GMT" time="0.782" errors="0">
  <testcase name="createTempUser" time="0.015" classname="com.users.User.CreateUserTests"/>
  <testcase name="createAdminUser" time="0.050" classname="com.users.User.CreateUserTests"/>
  <testcase name="createSuperUser" time="0.000" classname="com.users.User.CreateUserTests"/>
  <testcase name="createGlobalUser" time="0.717" classname="com.users.User.CreateUserTests"/>
</testsuite> <!-- com.users.User.CreateUserTests -->
