<?xml version="1.0" encoding="UTF-8"?>
<!-- Generated by org.testng.reporters.JUnitReportReporter -->
<testsuite skipped="0" hostname="kt667348-dev1" name="com.casso.cassobasepackage.CaPageBase" tests="1" failures="0" timestamp="16 Nov 2019 10:46:46 GMT" time="2.174" errors="0">
  <testcase name="createUser" time="2.174" classname="com.casso.cassobasepackage.CaPageBase"/>
</testsuite> <!-- com.casso.cassobasepackage.CaPageBase -->
