<?xml version="1.0" encoding="UTF-8"?>
<!-- Generated by org.testng.reporters.JUnitReportReporter -->
<testsuite skipped="0" hostname="WINCTRL-L53BSHI" name="client.core.CopyOfCreateUserTests" tests="2" failures="0" timestamp="29 Nov 2019 15:31:10 GMT" time="65.949" errors="0">
  <testcase name="createSuperUser" time="55.957" classname="client.core.CopyOfCreateUserTests"/>
  <testcase name="createAdminUser" time="9.992" classname="client.core.CopyOfCreateUserTests"/>
</testsuite> <!-- client.core.CopyOfCreateUserTests -->
