<?xml version="1.0" encoding="UTF-8"?>
<!-- Generated by org.testng.reporters.JUnitReportReporter -->
<testsuite skipped="0" hostname="WINCTRL-L53BSHI" name="com.freecrm.testcases.AllTest" tests="3" failures="0" timestamp="14 Sep 2019 06:03:03 GMT" time="0.011" errors="0">
  <testcase name="run2" time="0.001" classname="com.freecrm.testcases.AllTest"/>
  <testcase name="run1" time="0.009" classname="com.freecrm.testcases.AllTest"/>
  <testcase name="run3" time="0.001" classname="com.freecrm.testcases.AllTest"/>
</testsuite> <!-- com.freecrm.testcases.AllTest -->
