<?xml version="1.0" encoding="UTF-8"?>
<!-- Generated by org.testng.reporters.JUnitReportReporter -->
<testsuite skipped="3" hostname="WINCTRL-L53BSHI" name="com.freecrm.listeners.UseListenersInTest" tests="6" failures="1" timestamp="09 Dec 2019 02:11:50 GMT" time="0.020" errors="0">
  <testcase name="testcase003" time="0.001" classname="com.freecrm.listeners.UseListenersInTest"/>
  <testcase name="testcase002" time="0.001" classname="com.freecrm.listeners.UseListenersInTest">
    <skipped/>
  </testcase> <!-- testcase002 -->
  <testcase name="testcase002" time="0.001" classname="com.freecrm.listeners.UseListenersInTest">
    <skipped/>
  </testcase> <!-- testcase002 -->
  <testcase name="testcase001" time="0.012" classname="com.freecrm.listeners.UseListenersInTest"/>
  <testcase name="testcase002" time="0.003" classname="com.freecrm.listeners.UseListenersInTest">
    <skipped/>
  </testcase> <!-- testcase002 -->
  <testcase name="testcase002" time="0.002" classname="com.freecrm.listeners.UseListenersInTest">
    <failure type="java.lang.AssertionError" message="null">
      <![CDATA[java.lang.AssertionError: null
at org.testng.Assert.fail(Assert.java:96)
at org.testng.Assert.fail(Assert.java:103)
at com.freecrm.listeners.UseListenersInTest.testcase002(UseListenersInTest.java:18)
at sun.reflect.NativeMethodAccessorImpl.invoke0(Native Method)
at sun.reflect.NativeMethodAccessorImpl.invoke(NativeMethodAccessorImpl.java:62)
at sun.reflect.DelegatingMethodAccessorImpl.invoke(DelegatingMethodAccessorImpl.java:43)
at java.lang.reflect.Method.invoke(Method.java:498)
at org.testng.internal.MethodInvocationHelper.invokeMethod(MethodInvocationHelper.java:124)
at org.testng.internal.Invoker.invokeMethod(Invoker.java:583)
at org.testng.internal.Invoker.retryFailed(Invoker.java:839)
at org.testng.internal.Invoker.invokeTestMethods(Invoker.java:1010)
at org.testng.internal.TestMethodWorker.invokeTestMethods(TestMethodWorker.java:125)
at org.testng.internal.TestMethodWorker.run(TestMethodWorker.java:109)
at org.testng.TestRunner.privateRun(TestRunner.java:648)
at org.testng.TestRunner.run(TestRunner.java:505)
at org.testng.SuiteRunner.runTest(SuiteRunner.java:455)
at org.testng.SuiteRunner.runSequentially(SuiteRunner.java:450)
at org.testng.SuiteRunner.privateRun(SuiteRunner.java:415)
at org.testng.SuiteRunner.run(SuiteRunner.java:364)
at org.testng.SuiteRunnerWorker.runSuite(SuiteRunnerWorker.java:52)
at org.testng.SuiteRunnerWorker.run(SuiteRunnerWorker.java:84)
at org.testng.TestNG.runSuitesSequentially(TestNG.java:1208)
at org.testng.TestNG.runSuitesLocally(TestNG.java:1137)
at org.testng.TestNG.runSuites(TestNG.java:1049)
at org.testng.TestNG.run(TestNG.java:1017)
at org.testng.remote.AbstractRemoteTestNG.run(AbstractRemoteTestNG.java:114)
at org.testng.remote.RemoteTestNG.initAndRun(RemoteTestNG.java:251)
at org.testng.remote.RemoteTestNG.main(RemoteTestNG.java:77)
]]>
    </failure>
  </testcase> <!-- testcase002 -->
</testsuite> <!-- com.freecrm.listeners.UseListenersInTest -->
