<?xml version="1.0" encoding="UTF-8"?>
<!-- Generated by org.testng.reporters.JUnitReportReporter -->
<testsuite skipped="0" hostname="WINCTRL-L53BSHI" name="com.igbc.account.CeateAccount" tests="1" failures="0" timestamp="31 Aug 2019 16:08:21 GMT" time="8.615" errors="0">
  <testcase name="test" time="8.615" classname="com.igbc.account.CeateAccount"/>
</testsuite> <!-- com.igbc.account.CeateAccount -->
