<?xml version="1.0" encoding="UTF-8"?>
<!-- Generated by org.testng.reporters.JUnitReportReporter -->
<testsuite skipped="0" hostname="WINCTRL-L53BSHI" name="com.igbc.account.CeateAccountTest" tests="1" failures="0" timestamp="01 Sep 2019 18:57:46 GMT" time="0.196" errors="0">
  <testcase name="feedBackTest" time="0.196" classname="com.igbc.account.CeateAccountTest"/>
</testsuite> <!-- com.igbc.account.CeateAccountTest -->
