<?xml version="1.0" encoding="UTF-8"?>
<!-- Generated by org.testng.reporters.JUnitReportReporter -->
<testsuite skipped="0" hostname="WINCTRL-L53BSHI" name="com.freecrm.testcases.DataProviderDemo" tests="3" failures="0" timestamp="14 Sep 2019 07:45:42 GMT" time="25.214" errors="0">
  <testcase name="testDatapRovider" time="9.425" classname="com.freecrm.testcases.DataProviderDemo"/>
  <testcase name="testDatapRovider" time="7.913" classname="com.freecrm.testcases.DataProviderDemo"/>
  <testcase name="testDatapRovider" time="7.876" classname="com.freecrm.testcases.DataProviderDemo"/>
</testsuite> <!-- com.freecrm.testcases.DataProviderDemo -->
