<?xml version="1.0" encoding="UTF-8"?>
<!-- Generated by org.testng.reporters.JUnitReportReporter -->
<testsuite skipped="0" hostname="WINCTRL-L53BSHI" name="com.freecrm.testcases.CopyOfCreateUserTst" tests="2" failures="0" timestamp="01 Dec 2019 15:55:10 GMT" time="16.581" errors="0">
  <testcase name="createSuperUser_CopyOfCreateUserTst" time="16.316" classname="com.freecrm.testcases.CopyOfCreateUserTst"/>
  <testcase name="createAdminUser_CopyOfCreateUserTst" time="0.265" classname="com.freecrm.testcases.CopyOfCreateUserTst"/>
</testsuite> <!-- com.freecrm.testcases.CopyOfCreateUserTst -->
