<?xml version="1.0" encoding="UTF-8"?>
<!-- Generated by org.testng.reporters.JUnitReportReporter -->
<testsuite skipped="2" hostname="WINCTRL-L53BSHI" name="com.freecrm.testcases.RegisterNewUserTest" tests="3" failures="0" timestamp="24 Nov 2019 07:50:57 GMT" time="12.638" errors="0">
  <testcase name="loginAsSuperUser" time="12.638" classname="com.freecrm.testcases.RegisterNewUserTest"/>
  <testcase name="readFromxl" classname="com.freecrm.testcases.RegisterNewUserTest">
    <skipped/>
  </testcase> <!-- readFromxl -->
  <testcase name="testDatapRovider" classname="com.freecrm.testcases.RegisterNewUserTest">
    <skipped/>
  </testcase> <!-- testDatapRovider -->
</testsuite> <!-- com.freecrm.testcases.RegisterNewUserTest -->
