<?xml version="1.0" encoding="UTF-8"?>
<!-- Generated by org.testng.reporters.JUnitReportReporter -->
<testsuite skipped="0" hostname="WINCTRL-L53BSHI" name="com.pack.capam.utils.DesktopElement" tests="1" failures="0" timestamp="21 Apr 2019 17:49:31 GMT" time="1.930" errors="0">
  <testcase name="runme" time="1.930" classname="com.pack.capam.utils.DesktopElement"/>
</testsuite> <!-- com.pack.capam.utils.DesktopElement -->
