<?xml version="1.0" encoding="UTF-8"?>
<!-- Generated by org.testng.reporters.JUnitReportReporter -->
<testsuite skipped="0" hostname="WINCTRL-L53BSHI" name="client.core.CreateUserTest" tests="2" failures="0" timestamp="30 Nov 2019 07:24:33 GMT" time="45.394" errors="0">
  <testcase name="createSuperUser" time="45.393" classname="client.core.CreateUserTest"/>
  <testcase name="createAdminUser" time="0.001" classname="client.core.CreateUserTest"/>
</testsuite> <!-- client.core.CreateUserTest -->
