<?xml version="1.0" encoding="UTF-8"?>
<!-- Generated by org.testng.reporters.JUnitReportReporter -->
<testsuite skipped="0" hostname="WINCTRL-L53BSHI" name="client.core.CopyOfCreateUserTest" tests="2" failures="0" timestamp="30 Nov 2019 09:33:17 GMT" time="15.517" errors="0">
  <testcase name="createSuperUser" time="15.517" classname="client.core.CopyOfCreateUserTest"/>
  <testcase name="createAdminUser" time="0.000" classname="client.core.CopyOfCreateUserTest"/>
</testsuite> <!-- client.core.CopyOfCreateUserTest -->
