<?xml version="1.0" encoding="UTF-8"?>
<!-- Generated by org.testng.reporters.JUnitReportReporter -->
<testsuite skipped="1" hostname="WINCTRL-L53BSHI" name="com.freecrm.testcases.RegisterNewUserTest" tests="2" failures="0" timestamp="23 Nov 2019 17:53:59 GMT" time="37.499" errors="0">
  <testcase name="signUp" time="37.499" classname="com.freecrm.testcases.RegisterNewUserTest"/>
  <testcase name="readFromxl" classname="com.freecrm.testcases.RegisterNewUserTest">
    <skipped/>
  </testcase> <!-- readFromxl -->
</testsuite> <!-- com.freecrm.testcases.RegisterNewUserTest -->
