<?xml version="1.0" encoding="UTF-8"?>
<!-- Generated by org.testng.reporters.JUnitReportReporter -->
<testsuite skipped="0" hostname="WINCTRL-L53BSHI" name="client.core.UserCreattionTest" tests="2" failures="0" timestamp="30 Nov 2019 11:47:19 GMT" time="17.421" errors="0">
  <testcase name="createSuperUser" time="17.420" classname="client.core.UserCreattionTest"/>
  <testcase name="createAdminUser" time="0.001" classname="client.core.UserCreattionTest"/>
</testsuite> <!-- client.core.UserCreattionTest -->
