<?xml version="1.0" encoding="UTF-8"?>
<!-- Generated by org.testng.reporters.JUnitReportReporter -->
<testsuite skipped="0" hostname="WINCTRL-L53BSHI" name="com.freecrm.testcases.APiTestBase" tests="1" failures="0" timestamp="21 Nov 2019 16:52:45 GMT" time="4.772" errors="0">
  <testcase name="getCall" time="4.772" classname="com.freecrm.testcases.APiTestBase"/>
</testsuite> <!-- com.freecrm.testcases.APiTestBase -->
