<?xml version="1.0" encoding="UTF-8"?>
<!-- Generated by org.testng.reporters.JUnitReportReporter -->
<testsuite skipped="0" hostname="WINCTRL-L53BSHI" name="client.core.CreateUserTests" tests="2" failures="0" timestamp="29 Nov 2019 15:31:10 GMT" time="67.615" errors="0">
  <testcase name="createSuperUser" time="56.524" classname="client.core.CreateUserTests"/>
  <testcase name="createAdminUser" time="11.091" classname="client.core.CreateUserTests"/>
</testsuite> <!-- client.core.CreateUserTests -->
