<?xml version="1.0" encoding="UTF-8"?>
<!-- Generated by org.testng.reporters.JUnitReportReporter -->
<testsuite skipped="0" hostname="WINCTRL-L53BSHI" name="com.freecrm.testcases.UserCreattionTest" tests="1" failures="0" timestamp="06 Dec 2019 02:01:34 GMT" time="0.002" errors="0">
  <testcase name="createAdminUser_UserCreattionTest" time="0.002" classname="com.freecrm.testcases.UserCreattionTest"/>
</testsuite> <!-- com.freecrm.testcases.UserCreattionTest -->
